<?xml version="1.0" encoding="UTF-8"?>
<!-- Generated by org.testng.reporters.JUnitXMLReporter -->
<testsuite ignored="0" hostname="LAPTOP-UME0J8R8" failures="0" tests="3" name="Default test" time="55.912" errors="0" timestamp="2023-07-31T11:35:48 IST">
  <testcase classname="TestSuites.courseratest" name="testCase1" time="4.034"/>
  <testcase classname="TestSuites.courseratest" name="testcase2" time="35.76"/>
  <testcase classname="TestSuites.courseratest" name="testcase3" time="14.476"/>
</testsuite> <!-- Default test -->
