<?xml version="1.0" encoding="UTF-8"?>
<testng-results ignored="0" total="3" passed="3" failed="0" skipped="0">
  <reporter-output>
  </reporter-output>
  <suite started-at="2023-07-31T11:34:52 IST" name="Default suite" finished-at="2023-07-31T11:35:48 IST" duration-ms="55912">
    <groups>
    </groups>
    <test started-at="2023-07-31T11:34:52 IST" name="Default test" finished-at="2023-07-31T11:35:48 IST" duration-ms="55912">
      <class name="TestSuites.courseratest">
        <test-method is-config="true" signature="invokeBrowser()[pri:0, instance:TestSuites.courseratest@20d525]" started-at="2023-07-31T11:34:52 IST" name="invokeBrowser" finished-at="2023-07-31T11:34:53 IST" duration-ms="1068" status="PASS">
          <reporter-output>
          </reporter-output>
        </test-method> <!-- invokeBrowser -->
        <test-method signature="testCase1()[pri:1, instance:TestSuites.courseratest@20d525]" started-at="2023-07-31T11:34:53 IST" name="testCase1" description="Opening coursera website" finished-at="2023-07-31T11:34:57 IST" duration-ms="4034" status="PASS">
          <reporter-output>
          </reporter-output>
        </test-method> <!-- testCase1 -->
        <test-method signature="testcase2()[pri:2, instance:TestSuites.courseratest@20d525]" started-at="2023-07-31T11:34:57 IST" name="testcase2" description="Course check" finished-at="2023-07-31T11:35:33 IST" duration-ms="35760" status="PASS">
          <reporter-output>
          </reporter-output>
        </test-method> <!-- testcase2 -->
        <test-method signature="testcase3()[pri:2, instance:TestSuites.courseratest@20d525]" started-at="2023-07-31T11:35:33 IST" name="testcase3" description="Enterprise testing" finished-at="2023-07-31T11:35:48 IST" duration-ms="14476" status="PASS">
          <reporter-output>
          </reporter-output>
        </test-method> <!-- testcase3 -->
        <test-method is-config="true" signature="closeBrowser()[pri:0, instance:TestSuites.courseratest@20d525]" started-at="2023-07-31T11:35:48 IST" name="closeBrowser" finished-at="2023-07-31T11:35:48 IST" duration-ms="547" status="PASS">
          <reporter-output>
          </reporter-output>
        </test-method> <!-- closeBrowser -->
      </class> <!-- TestSuites.courseratest -->
    </test> <!-- Default test -->
  </suite> <!-- Default suite -->
</testng-results>
