<?xml version="1.0" encoding="UTF-8"?>
<testng-results ignored="0" total="1" passed="1" failed="0" skipped="0">
  <reporter-output>
  </reporter-output>
  <suite started-at="2023-07-12T23:18:31 IST" name="Default suite" finished-at="2023-07-12T23:19:23 IST" duration-ms="51588">
    <groups>
    </groups>
    <test started-at="2023-07-12T23:18:31 IST" name="Default test" finished-at="2023-07-12T23:19:23 IST" duration-ms="51588">
      <class name="TestSuites.trutime">
        <test-method is-config="true" signature="invokeBrowser()[pri:0, instance:TestSuites.trutime@4d910fd6]" started-at="2023-07-12T23:18:31 IST" name="invokeBrowser" finished-at="2023-07-12T23:18:34 IST" duration-ms="2623" status="PASS">
          <reporter-output>
          </reporter-output>
        </test-method> <!-- invokeBrowser -->
        <test-method signature="testCases()[pri:1, instance:TestSuites.trutime@4d910fd6]" started-at="2023-07-12T23:18:34 IST" name="testCases" finished-at="2023-07-12T23:19:21 IST" duration-ms="47481" status="PASS">
          <reporter-output>
          </reporter-output>
        </test-method> <!-- testCases -->
        <test-method is-config="true" signature="closeBrowser()[pri:0, instance:TestSuites.trutime@4d910fd6]" started-at="2023-07-12T23:19:21 IST" name="closeBrowser" finished-at="2023-07-12T23:19:23 IST" duration-ms="1454" status="PASS">
          <reporter-output>
          </reporter-output>
        </test-method> <!-- closeBrowser -->
      </class> <!-- TestSuites.trutime -->
    </test> <!-- Default test -->
  </suite> <!-- Default suite -->
</testng-results>
